<?xml version="1.0" encoding="UTF-8"?>
<!-- Generated by org.testng.reporters.JUnitXMLReporter -->
<testsuite ignored="0" hostname="selenium33" failures="1" tests="3" name="Default test" time="8.084" errors="0" timestamp="2024-12-25T17:08:09 IST">
  <testcase classname="io.cucumber.testng.AbstractTestNGCucumberTests" name="runScenario" time="6.442"/>
  <testcase classname="io.cucumber.testng.AbstractTestNGCucumberTests" name="runScenario" time="0.058">
    <failure type="java.lang.NullPointerException" message="Cannot invoke &amp;quot;org.openqa.selenium.WebDriver.manage()&amp;quot; because &amp;quot;this.driver&amp;quot; is null">
      <![CDATA[java.lang.NullPointerException: Cannot invoke "org.openqa.selenium.WebDriver.manage()" because "this.driver" is null
at stepDefs.ArticleStep.user_should_be_on_new_article_page(ArticleStep.java:20)
at ✽.User should be on New Article Page(file:///C:/eclipse/workspace_vineet/FinalProject/src/test/resources/features/conduit.feature:9)
]]>
    </failure>
  </testcase> <!-- runScenario -->
  <testcase classname="runner.MyTestRunner" name="f" time="0.002"/>
</testsuite> <!-- Default test -->
