<?xml version="1.0" encoding="UTF-8"?>
<!-- Generated by org.testng.reporters.JUnitXMLReporter -->
<testsuite ignored="0" hostname="selenium33" failures="1" tests="6" name="Default test" time="15.486" errors="0" timestamp="2024-12-26T16:34:04 IST">
  <testcase classname="io.cucumber.testng.AbstractTestNGCucumberTests" name="runScenario" time="2.54"/>
  <testcase classname="io.cucumber.testng.AbstractTestNGCucumberTests" name="runScenario" time="5.085"/>
  <testcase classname="io.cucumber.testng.AbstractTestNGCucumberTests" name="runScenario" time="0.802"/>
  <testcase classname="io.cucumber.testng.AbstractTestNGCucumberTests" name="runScenario" time="1.387"/>
  <testcase classname="io.cucumber.testng.AbstractTestNGCucumberTests" name="runScenario" time="1.021">
    <failure type="java.lang.NullPointerException" message="Cannot invoke &amp;quot;org.openqa.selenium.WebDriver.switchTo()&amp;quot; because &amp;quot;this.driver&amp;quot; is null">
      <![CDATA[java.lang.NullPointerException: Cannot invoke "org.openqa.selenium.WebDriver.switchTo()" because "this.driver" is null
at pages.ArticlePage.deleteArticle(ArticlePage.java:99)
at stepDefs.ArticleStep.user_delete_article(ArticleStep.java:94)
at ✽.User Delete article(file:///C:/eclipse/workspace_vineet/FinalProject/src/test/resources/features/conduit.feature:30)
]]>
    </failure>
  </testcase> <!-- runScenario -->
  <testcase classname="runner.MyTestRunner" name="f" time="0.002"/>
</testsuite> <!-- Default test -->
