<?xml version="1.0" encoding="UTF-8"?>
<testng-results ignored="0" total="3" passed="2" failed="1" skipped="0">
  <reporter-output>
  </reporter-output>
  <suite started-at="2024-12-25T17:08:01 IST" name="Default suite" finished-at="2024-12-25T17:08:09 IST" duration-ms="8084">
    <groups>
      <group name="cucumber">
        <method signature="AbstractTestNGCucumberTests.runScenario(io.cucumber.testng.PickleWrapper,io.cucumber.testng.FeatureWrapper)[pri:0, instance:runner.MyTestRunner@78e4deb0]" name="runScenario" class="io.cucumber.testng.AbstractTestNGCucumberTests"/>
      </group> <!-- cucumber -->
    </groups>
    <test started-at="2024-12-25T17:08:01 IST" name="Default test" finished-at="2024-12-25T17:08:09 IST" duration-ms="8084">
      <class name="runner.MyTestRunner">
        <test-method is-config="true" signature="setUpClass(org.testng.ITestContext)[pri:0, instance:runner.MyTestRunner@78e4deb0]" started-at="2024-12-25T17:08:01 IST" name="setUpClass" finished-at="2024-12-25T17:08:03 IST" duration-ms="1435" status="PASS">
          <params>
            <param index="0">
              <value>
                <![CDATA[org.testng.TestRunner@66213a0d]]>
              </value>
            </param>
          </params>
          <reporter-output>
          </reporter-output>
        </test-method> <!-- setUpClass -->
        <test-method signature="runScenario(io.cucumber.testng.PickleWrapper,io.cucumber.testng.FeatureWrapper)[pri:0, instance:runner.MyTestRunner@78e4deb0]" started-at="2024-12-25T17:08:03 IST" name="runScenario" description="Runs Cucumber Scenarios" data-provider="scenarios" finished-at="2024-12-25T17:08:09 IST" duration-ms="6442" status="PASS">
          <params>
            <param index="0">
              <value>
                <![CDATA["Login into App"]]>
              </value>
            </param>
            <param index="1">
              <value>
                <![CDATA["Conduit CRUD Functions"]]>
              </value>
            </param>
          </params>
          <reporter-output>
          </reporter-output>
        </test-method> <!-- runScenario -->
        <test-method signature="runScenario(io.cucumber.testng.PickleWrapper,io.cucumber.testng.FeatureWrapper)[pri:0, instance:runner.MyTestRunner@78e4deb0]" started-at="2024-12-25T17:08:09 IST" name="runScenario" description="Runs Cucumber Scenarios" data-provider="scenarios" finished-at="2024-12-25T17:08:09 IST" duration-ms="58" status="FAIL">
          <params>
            <param index="0">
              <value>
                <![CDATA["Create new Article"]]>
              </value>
            </param>
            <param index="1">
              <value>
                <![CDATA["Conduit CRUD Functions"]]>
              </value>
            </param>
          </params>
          <exception class="java.lang.NullPointerException">
            <message>
              <![CDATA[Cannot invoke "org.openqa.selenium.WebDriver.manage()" because "this.driver" is null]]>
            </message>
            <full-stacktrace>
              <![CDATA[java.lang.NullPointerException: Cannot invoke "org.openqa.selenium.WebDriver.manage()" because "this.driver" is null
at stepDefs.ArticleStep.user_should_be_on_new_article_page(ArticleStep.java:20)
at ✽.User should be on New Article Page(file:///C:/eclipse/workspace_vineet/FinalProject/src/test/resources/features/conduit.feature:9)
]]>
            </full-stacktrace>
          </exception> <!-- java.lang.NullPointerException -->
          <reporter-output>
          </reporter-output>
        </test-method> <!-- runScenario -->
        <test-method signature="f()[pri:0, instance:runner.MyTestRunner@78e4deb0]" started-at="2024-12-25T17:08:09 IST" name="f" finished-at="2024-12-25T17:08:09 IST" duration-ms="2" status="PASS">
          <reporter-output>
          </reporter-output>
        </test-method> <!-- f -->
        <test-method is-config="true" signature="tearDownClass()[pri:0, instance:runner.MyTestRunner@78e4deb0]" started-at="2024-12-25T17:08:09 IST" name="tearDownClass" finished-at="2024-12-25T17:08:09 IST" duration-ms="51" status="PASS">
          <reporter-output>
          </reporter-output>
        </test-method> <!-- tearDownClass -->
      </class> <!-- runner.MyTestRunner -->
    </test> <!-- Default test -->
  </suite> <!-- Default suite -->
</testng-results>
