<?xml version="1.0" encoding="UTF-8"?>
<!-- Generated by org.testng.reporters.JUnitReportReporter -->
<testsuite hostname="selenium33" failures="0" tests="6" name="runner.MyTestRunner" time="10.837" errors="1" timestamp="2024-12-26T16:34:05 IST" skipped="0">
  <testcase classname="runner.MyTestRunner" name="runScenario" time="5.085"/>
  <system-out/>
  <testcase classname="runner.MyTestRunner" name="f" time="0.002"/>
  <system-out/>
  <testcase classname="runner.MyTestRunner" name="runScenario" time="0.802"/>
  <system-out/>
  <testcase classname="runner.MyTestRunner" name="runScenario" time="2.540"/>
  <system-out/>
  <testcase classname="runner.MyTestRunner" name="runScenario" time="1.387"/>
  <system-out/>
  <testcase classname="runner.MyTestRunner" name="runScenario" time="1.021">
    <error message="Cannot invoke &quot;org.openqa.selenium.WebDriver.switchTo()&quot; because &quot;this.driver&quot; is null" type="java.lang.NullPointerException">
      <![CDATA[java.lang.NullPointerException: Cannot invoke "org.openqa.selenium.WebDriver.switchTo()" because "this.driver" is null
at pages.ArticlePage.deleteArticle(ArticlePage.java:99)
at stepDefs.ArticleStep.user_delete_article(ArticleStep.java:94)
at ✽.User Delete article(file:///C:/eclipse/workspace_vineet/FinalProject/src/test/resources/features/conduit.feature:30)
]]>
    </error>
  </testcase> <!-- runScenario -->
  <system-out/>
</testsuite> <!-- runner.MyTestRunner -->
