<?xml version="1.0" encoding="UTF-8"?>
<!-- Generated by org.testng.reporters.JUnitReportReporter -->
<testsuite hostname="selenium22" failures="0" tests="6" name="runner.MyTestRunner" time="11.915" errors="1" timestamp="2024-12-26T16:51:45 IST" skipped="0">
  <testcase classname="runner.MyTestRunner" name="runScenario" time="1.581"/>
  <system-out/>
  <testcase classname="runner.MyTestRunner" name="runScenario" time="0.973">
    <error message="Cannot invoke &quot;org.openqa.selenium.WebDriver.switchTo()&quot; because &quot;this.driver&quot; is null" type="java.lang.NullPointerException">
      <![CDATA[java.lang.NullPointerException: Cannot invoke "org.openqa.selenium.WebDriver.switchTo()" because "this.driver" is null
at pages.ArticlePage.deleteArticle(ArticlePage.java:99)
at stepDefs.ArticleStep.user_delete_article(ArticleStep.java:94)
at ✽.User Delete article(file:///C:/Users/Administrator/eclipse-workspace/FinalProject/src/test/resources/features/conduit.feature:30)
]]>
    </error>
  </testcase> <!-- runScenario -->
  <system-out/>
  <testcase classname="runner.MyTestRunner" name="runScenario" time="3.298"/>
  <system-out/>
  <testcase classname="runner.MyTestRunner" name="runScenario" time="5.203"/>
  <system-out/>
  <testcase classname="runner.MyTestRunner" name="runScenario" time="0.855"/>
  <system-out/>
  <testcase classname="runner.MyTestRunner" name="f" time="0.005"/>
  <system-out/>
</testsuite> <!-- runner.MyTestRunner -->
